  Checker.cpp
C:\Users\FixedUser\source\repos\Go-Ban\Go-Ban\Checker.cpp(6,24): warning C4244: аргумент: преобразование "int" в "float", возможна потеря данных
C:\Users\FixedUser\source\repos\Go-Ban\Go-Ban\Checker.cpp(6,21): warning C4244: аргумент: преобразование "int" в "float", возможна потеря данных
  Evulation.cpp
  main.cpp
C:\Users\FixedUser\source\repos\Go-Ban\Go-Ban\main.cpp(47,36): warning C4305: аргумент: усечение из "double" в "float"
C:\Users\FixedUser\source\repos\Go-Ban\Go-Ban\main.cpp(48,36): warning C4305: аргумент: усечение из "double" в "float"
C:\Users\FixedUser\source\repos\Go-Ban\Go-Ban\main.cpp(49,36): warning C4305: аргумент: усечение из "double" в "float"
C:\Users\FixedUser\source\repos\Go-Ban\Go-Ban\main.cpp(50,36): warning C4305: аргумент: усечение из "double" в "float"
C:\Users\FixedUser\source\repos\Go-Ban\Go-Ban\main.cpp(51,36): warning C4305: аргумент: усечение из "double" в "float"
C:\Users\FixedUser\source\repos\Go-Ban\Go-Ban\main.cpp(52,36): warning C4305: аргумент: усечение из "double" в "float"
C:\Users\FixedUser\source\repos\Go-Ban\Go-Ban\main.cpp(53,36): warning C4305: аргумент: усечение из "double" в "float"
C:\Users\FixedUser\source\repos\Go-Ban\Go-Ban\main.cpp(54,36): warning C4305: аргумент: усечение из "double" в "float"
C:\Users\FixedUser\source\repos\Go-Ban\Go-Ban\main.cpp(55,36): warning C4305: аргумент: усечение из "double" в "float"
C:\Users\FixedUser\source\repos\Go-Ban\Go-Ban\main.cpp(56,38): warning C4305: аргумент: усечение из "double" в "float"
C:\Users\FixedUser\source\repos\Go-Ban\Go-Ban\main.cpp(57,38): warning C4305: аргумент: усечение из "double" в "float"
C:\Users\FixedUser\source\repos\Go-Ban\Go-Ban\main.cpp(58,38): warning C4305: аргумент: усечение из "double" в "float"
C:\Users\FixedUser\source\repos\Go-Ban\Go-Ban\main.cpp(59,37): warning C4305: аргумент: усечение из "double" в "float"
C:\Users\FixedUser\source\repos\Go-Ban\Go-Ban\main.cpp(60,37): warning C4305: аргумент: усечение из "double" в "float"
C:\Users\FixedUser\source\repos\Go-Ban\Go-Ban\main.cpp(61,37): warning C4305: аргумент: усечение из "double" в "float"
C:\Users\FixedUser\source\repos\Go-Ban\Go-Ban\main.cpp(62,37): warning C4305: аргумент: усечение из "double" в "float"
C:\Users\FixedUser\source\repos\Go-Ban\Go-Ban\main.cpp(63,37): warning C4305: аргумент: усечение из "double" в "float"
C:\Users\FixedUser\source\repos\Go-Ban\Go-Ban\main.cpp(64,37): warning C4305: аргумент: усечение из "double" в "float"
C:\Users\FixedUser\source\repos\Go-Ban\Go-Ban\main.cpp(65,37): warning C4305: аргумент: усечение из "double" в "float"
C:\Users\FixedUser\source\repos\Go-Ban\Go-Ban\main.cpp(66,37): warning C4305: аргумент: усечение из "double" в "float"
C:\Users\FixedUser\source\repos\Go-Ban\Go-Ban\main.cpp(67,37): warning C4305: аргумент: усечение из "double" в "float"
C:\Users\FixedUser\source\repos\Go-Ban\Go-Ban\main.cpp(68,39): warning C4305: аргумент: усечение из "double" в "float"
C:\Users\FixedUser\source\repos\Go-Ban\Go-Ban\main.cpp(69,39): warning C4305: аргумент: усечение из "double" в "float"
C:\Users\FixedUser\source\repos\Go-Ban\Go-Ban\main.cpp(70,39): warning C4305: аргумент: усечение из "double" в "float"
C:\Users\FixedUser\source\repos\Go-Ban\Go-Ban\main.cpp(129,123): warning C4244: аргумент: преобразование "int" в "float", возможна потеря данных
C:\Users\FixedUser\source\repos\Go-Ban\Go-Ban\main.cpp(129,87): warning C4244: аргумент: преобразование "int" в "float", возможна потеря данных
C:\Users\FixedUser\source\repos\Go-Ban\Go-Ban\main.cpp(154,129): warning C4244: аргумент: преобразование "int" в "float", возможна потеря данных
C:\Users\FixedUser\source\repos\Go-Ban\Go-Ban\main.cpp(154,97): warning C4244: аргумент: преобразование "int" в "float", возможна потеря данных
C:\Users\FixedUser\source\repos\Go-Ban\Go-Ban\main.cpp(161,148): warning C4244: аргумент: преобразование "int" в "T", возможна потеря данных
C:\Users\FixedUser\source\repos\Go-Ban\Go-Ban\main.cpp(161,148): warning C4244:         with
C:\Users\FixedUser\source\repos\Go-Ban\Go-Ban\main.cpp(161,148): warning C4244:         [
C:\Users\FixedUser\source\repos\Go-Ban\Go-Ban\main.cpp(161,148): warning C4244:             T=float
C:\Users\FixedUser\source\repos\Go-Ban\Go-Ban\main.cpp(161,148): warning C4244:         ]
C:\Users\FixedUser\source\repos\Go-Ban\Go-Ban\main.cpp(161,114): warning C4244: аргумент: преобразование "int" в "T", возможна потеря данных
C:\Users\FixedUser\source\repos\Go-Ban\Go-Ban\main.cpp(161,114): warning C4244:         with
C:\Users\FixedUser\source\repos\Go-Ban\Go-Ban\main.cpp(161,114): warning C4244:         [
C:\Users\FixedUser\source\repos\Go-Ban\Go-Ban\main.cpp(161,114): warning C4244:             T=float
C:\Users\FixedUser\source\repos\Go-Ban\Go-Ban\main.cpp(161,114): warning C4244:         ]
C:\Users\FixedUser\source\repos\Go-Ban\Go-Ban\main.cpp(162,129): warning C4244: аргумент: преобразование "int" в "float", возможна потеря данных
C:\Users\FixedUser\source\repos\Go-Ban\Go-Ban\main.cpp(162,97): warning C4244: аргумент: преобразование "int" в "float", возможна потеря данных
  MiniMax.cpp
  Создание кода...
  Go-Ban.vcxproj -> C:\Users\FixedUser\source\repos\Go-Ban\x64\Debug\Go-Ban.exe
